<?xml version="1.0" encoding="UTF-8"?>
<!-- Generated by org.testng.reporters.JUnitReportReporter -->
<testsuite skipped="0" hostname="EIT-20130101WFQ" name="com.test.one.NewTest" tests="3" failures="0" timestamp="03 七月 2019 02:15:02 GMT" time="0.064" errors="0">
  <testcase name="one" time="0.063" classname="com.test.one.NewTest"/>
  <testcase name="two" time="0.001" classname="com.test.one.NewTest"/>
  <testcase name="three" time="0.000" classname="com.test.one.NewTest"/>
</testsuite> <!-- com.test.one.NewTest -->
