<?xml version="1.0" encoding="UTF-8"?>
<!-- Generated by org.testng.reporters.JUnitReportReporter -->
<testsuite skipped="0" hostname="EIT-20130101WFQ" name="com.test.one.testNgTest" tests="1" failures="0" timestamp="07 十一月 2019 08:05:30 GMT" time="0.000" errors="0">
  <testcase name="test" time="0.000" classname="com.test.one.testNgTest"/>
</testsuite> <!-- com.test.one.testNgTest -->
